2025-06-15 03:45:38,327 - semgrep.run_scan - DEBUG - semgrep version 1.4.0
2025-06-15 03:45:38,334 - semgrep.git - DEBUG - Failed to get project url from 'git ls-remote': Command failed with exit code: 128
-----
Command failed with output:
fatal: No remote configured to list refs from.


Failed to run 'git ls-remote --get-url'. Possible reasons:

- the git binary is not available
- the current working directory is not a git repository
- the baseline commit is not a parent of the current commit
    (if you are running through semgrep-app, check if you are setting `SEMGREP_BRANCH` or `SEMGREP_BASELINE_COMMIT` properly)
- the current working directory is not marked as safe
    (fix with `git config --global --add safe.directory $(pwd)`)

Try running the command yourself to debug the issue.
2025-06-15 03:45:38,335 - semgrep.config_resolver - DEBUG - Loading local config from /home/runner/workspace/.config/.semgrep/semgrep_rules.json
2025-06-15 03:45:38,341 - semgrep.config_resolver - DEBUG - Done loading local config from /home/runner/workspace/.config/.semgrep/semgrep_rules.json
2025-06-15 03:45:38,347 - semgrep.config_resolver - DEBUG - Saving rules to /tmp/semgrep-wnk4gmng.rules
2025-06-15 03:45:39,271 - semgrep.rule_lang - DEBUG - semgrep-core validation response: valid=True
2025-06-15 03:45:39,271 - semgrep.rule_lang - DEBUG - semgrep-core validation succeeded
2025-06-15 03:45:39,275 - semgrep.rule_lang - DEBUG - RPC validation succeeded
2025-06-15 03:45:39,277 - semgrep.config_resolver - DEBUG - loaded 1 configs in 0.9414589405059814
2025-06-15 03:45:39,408 - semgrep.run_scan - VERBOSE - running 714 rules from 1 config /home/runner/workspace/.config/.semgrep/semgrep_rules.json_0
2025-06-15 03:45:39,409 - semgrep.run_scan - VERBOSE - No .semgrepignore found. Using default .semgrepignore rules. See the docs for the list of default ignores: https://semgrep.dev/docs/cli-usage/#ignore-files
2025-06-15 03:45:39,411 - semgrep.run_scan - VERBOSE - Rules:
2025-06-15 03:45:39,411 - semgrep.run_scan - VERBOSE - <SKIPPED DATA (too many entries; use --max-log-list-entries)>
2025-06-15 03:45:40,617 - semgrep.core_runner - DEBUG - Passing whole rules directly to semgrep_core
2025-06-15 03:45:40,965 - semgrep.core_runner - DEBUG - Running Semgrep engine with command:
2025-06-15 03:45:40,965 - semgrep.core_runner - DEBUG - /tmp/_MEIcn01FU/semgrep/bin/opengrep-core -json -rules /tmp/tmpiww2sdq3.json -j 8 -targets /tmp/tmpr3ibdsfu -timeout 5 -timeout_threshold 3 -max_memory 0 -fast
